<?xml version="1.0" encoding="UTF-8"?>
<!-- Generated by org.testng.reporters.JUnitXMLReporter -->
<testsuite ignored="0" hostname="DESKTOP-C4T3QLF" failures="0" tests="0" time="0.166" errors="0" timestamp="2023-10-03T14:03:48 EDT">
  <testcase classname="pageObjects.BaseClass" name="@BeforeTest browserSetup" time="-1.696356228738E9">
    <failure type="org.testng.TestNGException" message="
Parameter &amp;apos;browser&amp;apos; is required by BeforeTest on method browserSetup but has not been marked @Optional or defined
in C:\Users\bobby\eclipse-workspace\ds-algo-quality-way\testNG.xml">
      <![CDATA[org.testng.TestNGException: 
Parameter 'browser' is required by BeforeTest on method browserSetup but has not been marked @Optional or defined
in C:\Users\bobby\eclipse-workspace\ds-algo-quality-way\testNG.xml
... Removed 21 stack frames]]>
    </failure>
  </testcase> <!-- @BeforeTest browserSetup -->
</testsuite>
